<?xml version="1.0" encoding="UTF-8"?>
<!-- Generated by org.testng.reporters.JUnitXMLReporter -->
<testsuite ignored="0" hostname="GYANESH-PC" failures="0" tests="3" name="Default test" time="91.776" errors="0" timestamp="2021-07-05T08:39:10 IST">
  <testcase classname="com.qa.test.LoginTest" name="loginPageTitleTest" time="0.024"/>
  <testcase classname="com.qa.test.LoginTest" name="forgotPwdLinkTest" time="0.436"/>
  <testcase classname="com.qa.test.LoginTest" name="login_correctData_Test" time="8.522"/>
</testsuite> <!-- Default test -->
