<?xml version="1.0" encoding="UTF-8"?>
<testng-results ignored="0" total="2" passed="2" failed="0" skipped="0">
  <reporter-output>
  </reporter-output>
  <suite started-at="2021-05-26T08:25:43Z" name="Orange HRM Test Suite" finished-at="2021-05-26T08:27:40Z" duration-ms="116722">
    <groups>
    </groups>
    <test started-at="2021-05-26T08:25:43Z" name="Test" finished-at="2021-05-26T08:27:40Z" duration-ms="116722">
      <class name="com.qa.test.DashBoardTest">
        <test-method is-config="true" signature="setUp()[pri:0, instance:com.qa.test.DashBoardTest@12c7a01b]" started-at="2021-05-26T08:25:43Z" name="setUp" finished-at="2021-05-26T08:26:57Z" duration-ms="73782" status="PASS">
          <reporter-output>
          </reporter-output>
        </test-method> <!-- setUp -->
        <test-method signature="verifyDashBoardHeaderTest()[pri:0, instance:com.qa.test.DashBoardTest@12c7a01b]" started-at="2021-05-26T08:26:57Z" name="verifyDashBoardHeaderTest" finished-at="2021-05-26T08:26:59Z" duration-ms="2237" status="PASS">
          <reporter-output>
          </reporter-output>
        </test-method> <!-- verifyDashBoardHeaderTest -->
        <test-method is-config="true" signature="tearDown()[pri:0, instance:com.qa.test.DashBoardTest@12c7a01b]" started-at="2021-05-26T08:26:59Z" name="tearDown" finished-at="2021-05-26T08:27:03Z" duration-ms="4209" status="PASS">
          <reporter-output>
          </reporter-output>
        </test-method> <!-- tearDown -->
        <test-method is-config="true" signature="setUp()[pri:0, instance:com.qa.test.DashBoardTest@12c7a01b]" started-at="2021-05-26T08:27:03Z" name="setUp" finished-at="2021-05-26T08:27:38Z" duration-ms="35143" status="PASS">
          <reporter-output>
          </reporter-output>
        </test-method> <!-- setUp -->
        <test-method signature="verifyDashBoardPageTitleTest()[pri:0, instance:com.qa.test.DashBoardTest@12c7a01b]" started-at="2021-05-26T08:27:38Z" name="verifyDashBoardPageTitleTest" finished-at="2021-05-26T08:27:38Z" duration-ms="11" status="PASS">
          <reporter-output>
          </reporter-output>
        </test-method> <!-- verifyDashBoardPageTitleTest -->
        <test-method is-config="true" signature="tearDown()[pri:0, instance:com.qa.test.DashBoardTest@12c7a01b]" started-at="2021-05-26T08:27:39Z" name="tearDown" finished-at="2021-05-26T08:27:40Z" duration-ms="1268" status="PASS">
          <reporter-output>
          </reporter-output>
        </test-method> <!-- tearDown -->
      </class> <!-- com.qa.test.DashBoardTest -->
    </test> <!-- Test -->
  </suite> <!-- Orange HRM Test Suite -->
</testng-results>
