<?xml version="1.0" encoding="UTF-8"?>
<!-- Generated by org.testng.reporters.JUnitXMLReporter -->
<testsuite ignored="0" hostname="GYANESH-PC" failures="0" tests="5" name="Test" time="93.828" errors="0" timestamp="2021-07-05T18:19:37 IST">
  <testcase classname="com.qa.test.LoginTest" name="loginPageTitleTest" time="0.031"/>
  <testcase classname="com.qa.test.LoginTest" name="forgotPwdLinkTest" time="0.109"/>
  <testcase classname="com.qa.test.LoginTest" name="login_correctData_Test" time="8.029"/>
  <testcase classname="com.qa.test.DashBoardTest" name="verifyDashBoardHeaderTest" time="0.405"/>
  <testcase classname="com.qa.test.DashBoardTest" name="verifyDashBoardPageTitleTest" time="0.013"/>
</testsuite> <!-- Test -->
